<?xml version="1.0" encoding="UTF-8" ?>
<testsuite failures="0" time="0.015" errors="0" skipped="0" tests="13" name="airbrake.AirbrakeNoticeTest">
  <properties>
    <property name="java.runtime.name" value="OpenJDK Runtime Environment"/>
    <property name="sun.boot.library.path" value="/usr/lib/jvm/java-7-openjdk-i386/jre/lib/i386"/>
    <property name="java.vm.version" value="22.0-b10"/>
    <property name="java.vm.vendor" value="Oracle Corporation"/>
    <property name="java.vendor.url" value="http://java.oracle.com/"/>
    <property name="path.separator" value=":"/>
    <property name="java.vm.name" value="OpenJDK Server VM"/>
    <property name="file.encoding.pkg" value="sun.io"/>
    <property name="user.country" value="IN"/>
    <property name="sun.java.launcher" value="SUN_STANDARD"/>
    <property name="sun.os.patch.level" value="unknown"/>
    <property name="java.vm.specification.name" value="Java Virtual Machine Specification"/>
    <property name="user.dir" value="/home/soumak/dev_box/PROJECT/WORKSPACE/airbrake-java"/>
    <property name="java.runtime.version" value="1.7.0_03-b147"/>
    <property name="java.awt.graphicsenv" value="sun.awt.X11GraphicsEnvironment"/>
    <property name="basedir" value="/home/soumak/dev_box/PROJECT/WORKSPACE/airbrake-java"/>
    <property name="java.endorsed.dirs" value="/usr/lib/jvm/java-7-openjdk-i386/jre/lib/endorsed"/>
    <property name="os.arch" value="i386"/>
    <property name="surefire.real.class.path" value="/home/soumak/dev_box/PROJECT/WORKSPACE/airbrake-java/target/surefire/surefirebooter5969093831407190383.jar"/>
    <property name="java.io.tmpdir" value="/tmp"/>
    <property name="line.separator" value="
"/>
    <property name="java.vm.specification.vendor" value="Oracle Corporation"/>
    <property name="os.name" value="Linux"/>
    <property name="sun.jnu.encoding" value="UTF-8"/>
    <property name="java.library.path" value="/usr/java/packages/lib/i386:/usr/lib/i386-linux-gnu/jni:/lib/i386-linux-gnu:/usr/lib/i386-linux-gnu:/usr/lib/jni:/lib:/usr/lib"/>
    <property name="surefire.test.class.path" value="/home/soumak/dev_box/PROJECT/WORKSPACE/airbrake-java/target/test-classes:/home/soumak/dev_box/PROJECT/WORKSPACE/airbrake-java/target/classes:/root/.m2/repository/commons-logging/commons-logging/1.1.1/commons-logging-1.1.1.jar:/root/.m2/repository/commons-lang/commons-lang/2.4/commons-lang-2.4.jar:/root/.m2/repository/log4j/log4j/1.2.14/log4j-1.2.14.jar:/root/.m2/repository/junit/junit/4.7/junit-4.7.jar:/root/.m2/repository/org/mockito/mockito-all/1.6/mockito-all-1.6.jar:/root/.m2/repository/org/hamcrest/hamcrest-all/1.1/hamcrest-all-1.1.jar:"/>
    <property name="java.specification.name" value="Java Platform API Specification"/>
    <property name="java.class.version" value="51.0"/>
    <property name="sun.management.compiler" value="HotSpot Tiered Compilers"/>
    <property name="os.version" value="3.2.0-23-generic-pae"/>
    <property name="user.home" value="/root"/>
    <property name="user.timezone" value="Asia/Kolkata"/>
    <property name="java.awt.printerjob" value="sun.print.PSPrinterJob"/>
    <property name="file.encoding" value="UTF-8"/>
    <property name="java.specification.version" value="1.7"/>
    <property name="user.name" value="root"/>
    <property name="java.class.path" value="/home/soumak/dev_box/PROJECT/WORKSPACE/airbrake-java/target/test-classes:/home/soumak/dev_box/PROJECT/WORKSPACE/airbrake-java/target/classes:/root/.m2/repository/commons-logging/commons-logging/1.1.1/commons-logging-1.1.1.jar:/root/.m2/repository/commons-lang/commons-lang/2.4/commons-lang-2.4.jar:/root/.m2/repository/log4j/log4j/1.2.14/log4j-1.2.14.jar:/root/.m2/repository/junit/junit/4.7/junit-4.7.jar:/root/.m2/repository/org/mockito/mockito-all/1.6/mockito-all-1.6.jar:/root/.m2/repository/org/hamcrest/hamcrest-all/1.1/hamcrest-all-1.1.jar:"/>
    <property name="java.vm.specification.version" value="1.7"/>
    <property name="sun.arch.data.model" value="32"/>
    <property name="java.home" value="/usr/lib/jvm/java-7-openjdk-i386/jre"/>
    <property name="sun.java.command" value="/home/soumak/dev_box/PROJECT/WORKSPACE/airbrake-java/target/surefire/surefirebooter5969093831407190383.jar /home/soumak/dev_box/PROJECT/WORKSPACE/airbrake-java/target/surefire/surefire5601971977653064941tmp /home/soumak/dev_box/PROJECT/WORKSPACE/airbrake-java/target/surefire/surefire4058811288695802613tmp"/>
    <property name="java.specification.vendor" value="Oracle Corporation"/>
    <property name="user.language" value="en"/>
    <property name="awt.toolkit" value="sun.awt.X11.XToolkit"/>
    <property name="java.vm.info" value="mixed mode"/>
    <property name="java.version" value="1.7.0_03"/>
    <property name="java.ext.dirs" value="/usr/lib/jvm/java-7-openjdk-i386/jre/lib/ext:/usr/java/packages/lib/ext"/>
    <property name="sun.boot.class.path" value="/usr/lib/jvm/java-7-openjdk-i386/jre/lib/resources.jar:/usr/lib/jvm/java-7-openjdk-i386/jre/lib/rt.jar:/usr/lib/jvm/java-7-openjdk-i386/jre/lib/sunrsasign.jar:/usr/lib/jvm/java-7-openjdk-i386/jre/lib/jsse.jar:/usr/lib/jvm/java-7-openjdk-i386/jre/lib/jce.jar:/usr/lib/jvm/java-7-openjdk-i386/jre/lib/charsets.jar:/usr/lib/jvm/java-7-openjdk-i386/jre/lib/netx.jar:/usr/lib/jvm/java-7-openjdk-i386/jre/lib/plugin.jar:/usr/lib/jvm/java-7-openjdk-i386/jre/lib/rhino.jar:/usr/lib/jvm/java-7-openjdk-i386/jre/classes"/>
    <property name="java.vendor" value="Oracle Corporation"/>
    <property name="localRepository" value="/root/.m2/repository"/>
    <property name="file.separator" value="/"/>
    <property name="java.vendor.url.bug" value="http://bugreport.sun.com/bugreport/"/>
    <property name="sun.cpu.endian" value="little"/>
    <property name="sun.io.unicode.encoding" value="UnicodeLittle"/>
    <property name="sun.cpu.isalist" value=""/>
  </properties>
  <testcase time="0.001" classname="airbrake.AirbrakeNoticeTest" name="testLogErrorWithException"/>
  <testcase time="0" classname="airbrake.AirbrakeNoticeTest" name="testLogErrorWithoutException"/>
  <testcase time="0.001" classname="airbrake.AirbrakeNoticeTest" name="testLogThresholdLesserThatErrorWithExceptionDoNotNotifyToairbrake"/>
  <testcase time="0" classname="airbrake.AirbrakeNoticeTest" name="testLogThresholdLesserThatErrorWithoutExceptionDoNotNotifyToairbrake"/>
  <testcase time="0.003" classname="airbrake.AirbrakeNoticeTest" name="testNewairbrakeUsingBuilderNoticeFromException"/>
  <testcase time="0" classname="airbrake.AirbrakeNoticeTest" name="testNewairbrakeUsingBuilderNoticeWithBacktrace"/>
  <testcase time="0.001" classname="airbrake.AirbrakeNoticeTest" name="testNewairbrakeUsingBuilderNoticeWithEc2FilteredEnvironmentWithSystemProperties"/>
  <testcase time="0" classname="airbrake.AirbrakeNoticeTest" name="testNewairbrakeUsingBuilderNoticeWithEnvironment"/>
  <testcase time="0.001" classname="airbrake.AirbrakeNoticeTest" name="testNewairbrakeUsingBuilderNoticeWithErrorMessage"/>
  <testcase time="0" classname="airbrake.AirbrakeNoticeTest" name="testNewairbrakeUsingBuilderNoticeWithFilteredEnvironment"/>
  <testcase time="0" classname="airbrake.AirbrakeNoticeTest" name="testNewairbrakeUsingBuilderNoticeWithRequest"/>
  <testcase time="0.001" classname="airbrake.AirbrakeNoticeTest" name="testNewairbrakeUsingBuilderNoticeWithSession"/>
  <testcase time="0.001" classname="airbrake.AirbrakeNoticeTest" name="testNewairbrakeUsingBuilderNoticeWithStandardFilteredEnvironmentWithSystemProperties"/>
</testsuite>